{"/Users/taxnuke/Developer/url-shortener/src/app.js":{"path":"/Users/taxnuke/Developer/url-shortener/src/app.js","s":{"1":1,"2":1,"3":1,"4":1,"5":1,"6":1,"7":1,"8":1,"9":1,"10":1,"11":1,"12":1,"13":1,"14":1,"15":0,"16":0,"17":0,"18":0,"19":0,"20":0,"21":0,"22":1,"23":19,"24":19,"25":1,"26":1,"27":1,"28":1,"29":19,"30":19,"31":1,"32":1,"33":1,"34":1,"35":2,"36":2,"37":1,"38":1,"39":1,"40":1,"41":1,"42":1,"43":1,"44":1,"45":1,"46":0,"47":0,"48":0,"49":0,"50":1,"51":1,"52":1,"53":1,"54":0,"55":1,"56":1},"b":{"1":[1,0],"2":[1,0],"3":[0,0],"4":[19,19],"5":[0,1],"6":[1,0],"7":[0,1],"8":[0,0,0],"9":[0,1]},"f":{},"fnMap":{},"statementMap":{"1":{"start":{"line":2,"column":0},"end":{"line":10,"column":54}},"2":{"start":{"line":13,"column":0},"end":{"line":13,"column":20}},"3":{"start":{"line":16,"column":0},"end":{"line":16,"column":24}},"4":{"start":{"line":17,"column":0},"end":{"line":17,"column":47}},"5":{"start":{"line":19,"column":0},"end":{"line":19,"column":45}},"6":{"start":{"line":21,"column":0},"end":{"line":22,"column":41}},"7":{"start":{"line":24,"column":0},"end":{"line":24,"column":39}},"8":{"start":{"line":27,"column":0},"end":{"line":27,"column":28}},"9":{"start":{"line":28,"column":0},"end":{"line":31,"column":2}},"10":{"start":{"line":33,"column":0},"end":{"line":71,"column":1}},"11":{"start":{"line":34,"column":4},"end":{"line":34,"column":53}},"12":{"start":{"line":35,"column":4},"end":{"line":35,"column":46}},"13":{"start":{"line":37,"column":4},"end":{"line":40,"column":11}},"14":{"start":{"line":39,"column":12},"end":{"line":39,"column":66}},"15":{"start":{"line":42,"column":4},"end":{"line":46,"column":10}},"16":{"start":{"line":44,"column":20},"end":{"line":44,"column":63}},"17":{"start":{"line":45,"column":23},"end":{"line":45,"column":63}},"18":{"start":{"line":49,"column":4},"end":{"line":64,"column":7}},"19":{"start":{"line":66,"column":4},"end":{"line":70,"column":5}},"20":{"start":{"line":67,"column":8},"end":{"line":67,"column":38}},"21":{"start":{"line":69,"column":8},"end":{"line":69,"column":32}},"22":{"start":{"line":74,"column":0},"end":{"line":81,"column":3}},"23":{"start":{"line":75,"column":4},"end":{"line":78,"column":7}},"24":{"start":{"line":80,"column":4},"end":{"line":80,"column":11}},"25":{"start":{"line":84,"column":0},"end":{"line":84,"column":60}},"26":{"start":{"line":87,"column":0},"end":{"line":87,"column":30}},"27":{"start":{"line":88,"column":0},"end":{"line":88,"column":52}},"28":{"start":{"line":91,"column":0},"end":{"line":95,"column":3}},"29":{"start":{"line":92,"column":4},"end":{"line":92,"column":64}},"30":{"start":{"line":94,"column":4},"end":{"line":94,"column":11}},"31":{"start":{"line":98,"column":0},"end":{"line":99,"column":35}},"32":{"start":{"line":101,"column":0},"end":{"line":101,"column":24}},"33":{"start":{"line":102,"column":0},"end":{"line":102,"column":18}},"34":{"start":{"line":104,"column":0},"end":{"line":107,"column":3}},"35":{"start":{"line":105,"column":4},"end":{"line":105,"column":55}},"36":{"start":{"line":106,"column":4},"end":{"line":106,"column":20}},"37":{"start":{"line":110,"column":0},"end":{"line":115,"column":3}},"38":{"start":{"line":111,"column":4},"end":{"line":111,"column":37}},"39":{"start":{"line":112,"column":4},"end":{"line":112,"column":21}},"40":{"start":{"line":114,"column":4},"end":{"line":114,"column":14}},"41":{"start":{"line":118,"column":0},"end":{"line":143,"column":3}},"42":{"start":{"line":121,"column":4},"end":{"line":121,"column":37}},"43":{"start":{"line":122,"column":4},"end":{"line":122,"column":58}},"44":{"start":{"line":124,"column":4},"end":{"line":124,"column":35}},"45":{"start":{"line":126,"column":4},"end":{"line":138,"column":5}},"46":{"start":{"line":127,"column":8},"end":{"line":137,"column":9}},"47":{"start":{"line":131,"column":16},"end":{"line":133,"column":52}},"48":{"start":{"line":134,"column":16},"end":{"line":134,"column":40}},"49":{"start":{"line":136,"column":16},"end":{"line":136,"column":22}},"50":{"start":{"line":141,"column":4},"end":{"line":141,"column":27}},"51":{"start":{"line":142,"column":4},"end":{"line":142,"column":18}},"52":{"start":{"line":146,"column":0},"end":{"line":146,"column":28}},"53":{"start":{"line":149,"column":0},"end":{"line":151,"column":1}},"54":{"start":{"line":150,"column":4},"end":{"line":150,"column":21}},"55":{"start":{"line":153,"column":0},"end":{"line":153,"column":35}},"56":{"start":{"line":155,"column":0},"end":{"line":155,"column":21}}},"branchMap":{"1":{"line":17,"type":"binary-expr","locations":[{"start":{"line":17,"column":10},"end":{"line":17,"column":30}},{"start":{"line":17,"column":34},"end":{"line":17,"column":46}}]},"2":{"line":33,"type":"if","locations":[{"start":{"line":33,"column":0},"end":{"line":33,"column":0}},{"start":{"line":33,"column":0},"end":{"line":33,"column":0}}]},"3":{"line":66,"type":"if","locations":[{"start":{"line":66,"column":4},"end":{"line":66,"column":4}},{"start":{"line":66,"column":4},"end":{"line":66,"column":4}}]},"4":{"line":92,"type":"binary-expr","locations":[{"start":{"line":92,"column":25},"end":{"line":92,"column":48}},{"start":{"line":92,"column":52},"end":{"line":92,"column":62}}]},"5":{"line":122,"type":"cond-expr","locations":[{"start":{"line":122,"column":49},"end":{"line":122,"column":52}},{"start":{"line":122,"column":55},"end":{"line":122,"column":57}}]},"6":{"line":124,"type":"binary-expr","locations":[{"start":{"line":124,"column":17},"end":{"line":124,"column":27}},{"start":{"line":124,"column":31},"end":{"line":124,"column":34}}]},"7":{"line":126,"type":"if","locations":[{"start":{"line":126,"column":4},"end":{"line":126,"column":4}},{"start":{"line":126,"column":4},"end":{"line":126,"column":4}}]},"8":{"line":127,"type":"switch","locations":[{"start":{"line":128,"column":12},"end":{"line":128,"column":21}},{"start":{"line":129,"column":12},"end":{"line":129,"column":21}},{"start":{"line":130,"column":12},"end":{"line":136,"column":22}}]},"9":{"line":149,"type":"if","locations":[{"start":{"line":149,"column":0},"end":{"line":149,"column":0}},{"start":{"line":149,"column":0},"end":{"line":149,"column":0}}]}}},"/Users/taxnuke/Developer/url-shortener/src/helpers/chatops.js":{"path":"/Users/taxnuke/Developer/url-shortener/src/helpers/chatops.js","s":{"1":1,"2":1,"3":1,"4":1,"5":1,"6":1,"7":0,"8":0,"9":0,"10":1},"b":{"1":[0,0]},"f":{"1":0},"fnMap":{"1":{"name":"(anonymous_1)","line":18,"loc":{"start":{"line":18,"column":15},"end":{"line":18,"column":33}}}},"statementMap":{"1":{"start":{"line":1,"column":0},"end":{"line":3,"column":50}},"2":{"start":{"line":5,"column":0},"end":{"line":5,"column":16}},"3":{"start":{"line":7,"column":0},"end":{"line":16,"column":1}},"4":{"start":{"line":8,"column":4},"end":{"line":8,"column":49}},"5":{"start":{"line":10,"column":4},"end":{"line":15,"column":6}},"6":{"start":{"line":18,"column":0},"end":{"line":34,"column":2}},"7":{"start":{"line":19,"column":4},"end":{"line":33,"column":7}},"8":{"start":{"line":30,"column":8},"end":{"line":32,"column":9}},"9":{"start":{"line":31,"column":12},"end":{"line":31,"column":28}},"10":{"start":{"line":36,"column":0},"end":{"line":38,"column":2}}},"branchMap":{"1":{"line":30,"type":"if","locations":[{"start":{"line":30,"column":8},"end":{"line":30,"column":8}},{"start":{"line":30,"column":8},"end":{"line":30,"column":8}}]}}},"/Users/taxnuke/Developer/url-shortener/src/api/routers.js":{"path":"/Users/taxnuke/Developer/url-shortener/src/api/routers.js","s":{"1":1,"2":1,"3":1,"4":1,"5":1,"6":1,"7":1,"8":11,"9":1,"10":1,"11":11,"12":1,"13":3,"14":3,"15":1,"16":11,"17":11,"18":1},"b":{"1":[1,10],"2":[11,1,1],"3":[11,0]},"f":{},"fnMap":{},"statementMap":{"1":{"start":{"line":1,"column":0},"end":{"line":3,"column":43}},"2":{"start":{"line":6,"column":0},"end":{"line":6,"column":30}},"3":{"start":{"line":7,"column":0},"end":{"line":7,"column":55}},"4":{"start":{"line":9,"column":0},"end":{"line":9,"column":49}},"5":{"start":{"line":10,"column":0},"end":{"line":10,"column":52}},"6":{"start":{"line":11,"column":0},"end":{"line":11,"column":46}},"7":{"start":{"line":14,"column":0},"end":{"line":21,"column":3}},"8":{"start":{"line":15,"column":4},"end":{"line":18,"column":5}},"9":{"start":{"line":16,"column":8},"end":{"line":16,"column":30}},"10":{"start":{"line":17,"column":8},"end":{"line":17,"column":25}},"11":{"start":{"line":20,"column":4},"end":{"line":20,"column":14}},"12":{"start":{"line":24,"column":0},"end":{"line":31,"column":3}},"13":{"start":{"line":25,"column":4},"end":{"line":28,"column":6}},"14":{"start":{"line":30,"column":4},"end":{"line":30,"column":34}},"15":{"start":{"line":34,"column":0},"end":{"line":45,"column":3}},"16":{"start":{"line":35,"column":4},"end":{"line":42,"column":10}},"17":{"start":{"line":44,"column":4},"end":{"line":44,"column":48}},"18":{"start":{"line":47,"column":0},"end":{"line":47,"column":24}}},"branchMap":{"1":{"line":15,"type":"if","locations":[{"start":{"line":15,"column":4},"end":{"line":15,"column":4}},{"start":{"line":15,"column":4},"end":{"line":15,"column":4}}]},"2":{"line":15,"type":"binary-expr","locations":[{"start":{"line":15,"column":8},"end":{"line":15,"column":34}},{"start":{"line":15,"column":38},"end":{"line":15,"column":56}},{"start":{"line":15,"column":60},"end":{"line":15,"column":73}}]},"3":{"line":44,"type":"binary-expr","locations":[{"start":{"line":44,"column":15},"end":{"line":44,"column":25}},{"start":{"line":44,"column":29},"end":{"line":44,"column":32}}]}}},"/Users/taxnuke/Developer/url-shortener/src/api/controllers.js":{"path":"/Users/taxnuke/Developer/url-shortener/src/api/controllers.js","s":{"1":1,"2":1,"3":2,"4":2,"5":1,"6":1,"7":1,"8":1,"9":1,"10":0,"11":1,"12":2,"13":2,"14":1,"15":1,"16":1,"17":1,"18":1,"19":1,"20":1,"21":1,"22":1,"23":0,"24":1,"25":10,"26":20,"27":2,"28":2,"29":8,"30":1,"31":1,"32":7,"33":7,"34":7,"35":7,"36":8,"37":1},"b":{"1":[1,1],"2":[1,1],"3":[1,7],"4":[7,0]},"f":{"1":2,"2":2,"3":10},"fnMap":{"1":{"name":"(anonymous_1)","line":4,"loc":{"start":{"line":4,"column":15},"end":{"line":4,"column":40}}},"2":{"name":"(anonymous_2)","line":26,"loc":{"start":{"line":26,"column":13},"end":{"line":26,"column":38}}},"3":{"name":"(anonymous_3)","line":53,"loc":{"start":{"line":53,"column":15},"end":{"line":53,"column":40}}}},"statementMap":{"1":{"start":{"line":1,"column":0},"end":{"line":2,"column":30}},"2":{"start":{"line":4,"column":0},"end":{"line":21,"column":2}},"3":{"start":{"line":5,"column":4},"end":{"line":20,"column":11}},"4":{"start":{"line":7,"column":12},"end":{"line":16,"column":13}},"5":{"start":{"line":8,"column":16},"end":{"line":8,"column":42}},"6":{"start":{"line":9,"column":16},"end":{"line":9,"column":33}},"7":{"start":{"line":11,"column":16},"end":{"line":11,"column":26}},"8":{"start":{"line":13,"column":16},"end":{"line":13,"column":43}},"9":{"start":{"line":15,"column":16},"end":{"line":15,"column":23}},"10":{"start":{"line":19,"column":12},"end":{"line":19,"column":24}},"11":{"start":{"line":26,"column":0},"end":{"line":48,"column":2}},"12":{"start":{"line":27,"column":4},"end":{"line":47,"column":11}},"13":{"start":{"line":29,"column":12},"end":{"line":43,"column":13}},"14":{"start":{"line":30,"column":16},"end":{"line":30,"column":42}},"15":{"start":{"line":31,"column":16},"end":{"line":31,"column":33}},"16":{"start":{"line":33,"column":16},"end":{"line":33,"column":26}},"17":{"start":{"line":35,"column":16},"end":{"line":35,"column":43}},"18":{"start":{"line":36,"column":16},"end":{"line":36,"column":48}},"19":{"start":{"line":37,"column":16},"end":{"line":37,"column":29}},"20":{"start":{"line":39,"column":16},"end":{"line":39,"column":41}},"21":{"start":{"line":40,"column":16},"end":{"line":40,"column":32}},"22":{"start":{"line":42,"column":16},"end":{"line":42,"column":28}},"23":{"start":{"line":46,"column":12},"end":{"line":46,"column":24}},"24":{"start":{"line":53,"column":0},"end":{"line":81,"column":2}},"25":{"start":{"line":54,"column":4},"end":{"line":80,"column":11}},"26":{"start":{"line":59,"column":26},"end":{"line":59,"column":46}},"27":{"start":{"line":62,"column":12},"end":{"line":65,"column":14}},"28":{"start":{"line":67,"column":12},"end":{"line":67,"column":19}},"29":{"start":{"line":70,"column":12},"end":{"line":77,"column":13}},"30":{"start":{"line":71,"column":16},"end":{"line":71,"column":38}},"31":{"start":{"line":72,"column":16},"end":{"line":72,"column":33}},"32":{"start":{"line":73,"column":19},"end":{"line":77,"column":13}},"33":{"start":{"line":74,"column":16},"end":{"line":74,"column":78}},"34":{"start":{"line":75,"column":16},"end":{"line":75,"column":40}},"35":{"start":{"line":76,"column":16},"end":{"line":76,"column":33}},"36":{"start":{"line":79,"column":12},"end":{"line":79,"column":22}},"37":{"start":{"line":83,"column":0},"end":{"line":87,"column":2}}},"branchMap":{"1":{"line":7,"type":"if","locations":[{"start":{"line":7,"column":12},"end":{"line":7,"column":12}},{"start":{"line":7,"column":12},"end":{"line":7,"column":12}}]},"2":{"line":29,"type":"if","locations":[{"start":{"line":29,"column":12},"end":{"line":29,"column":12}},{"start":{"line":29,"column":12},"end":{"line":29,"column":12}}]},"3":{"line":70,"type":"if","locations":[{"start":{"line":70,"column":12},"end":{"line":70,"column":12}},{"start":{"line":70,"column":12},"end":{"line":70,"column":12}}]},"4":{"line":73,"type":"if","locations":[{"start":{"line":73,"column":19},"end":{"line":73,"column":19}},{"start":{"line":73,"column":19},"end":{"line":73,"column":19}}]}}},"/Users/taxnuke/Developer/url-shortener/src/mongo/models/alias.js":{"path":"/Users/taxnuke/Developer/url-shortener/src/mongo/models/alias.js","s":{"1":1,"2":1,"3":10,"4":7,"5":6,"6":1,"7":1,"8":1,"9":4,"10":3,"11":3,"12":4,"13":1,"14":1},"b":{"1":[3,1],"2":[3,0]},"f":{"1":1,"2":4},"fnMap":{"1":{"name":"(anonymous_1)","line":58,"loc":{"start":{"line":58,"column":29},"end":{"line":58,"column":40}}},"2":{"name":"(anonymous_2)","line":71,"loc":{"start":{"line":71,"column":24},"end":{"line":71,"column":39}}}},"statementMap":{"1":{"start":{"line":1,"column":0},"end":{"line":2,"column":33}},"2":{"start":{"line":7,"column":0},"end":{"line":51,"column":7}},"3":{"start":{"line":17,"column":20},"end":{"line":17,"column":61}},"4":{"start":{"line":30,"column":20},"end":{"line":30,"column":59}},"5":{"start":{"line":35,"column":20},"end":{"line":35,"column":46}},"6":{"start":{"line":58,"column":0},"end":{"line":66,"column":2}},"7":{"start":{"line":59,"column":4},"end":{"line":65,"column":6}},"8":{"start":{"line":71,"column":0},"end":{"line":79,"column":3}},"9":{"start":{"line":72,"column":4},"end":{"line":76,"column":5}},"10":{"start":{"line":73,"column":8},"end":{"line":75,"column":9}},"11":{"start":{"line":74,"column":12},"end":{"line":74,"column":46}},"12":{"start":{"line":78,"column":4},"end":{"line":78,"column":11}},"13":{"start":{"line":81,"column":0},"end":{"line":81,"column":49}},"14":{"start":{"line":83,"column":0},"end":{"line":83,"column":23}}},"branchMap":{"1":{"line":72,"type":"if","locations":[{"start":{"line":72,"column":4},"end":{"line":72,"column":4}},{"start":{"line":72,"column":4},"end":{"line":72,"column":4}}]},"2":{"line":73,"type":"if","locations":[{"start":{"line":73,"column":8},"end":{"line":73,"column":8}},{"start":{"line":73,"column":8},"end":{"line":73,"column":8}}]}}},"/Users/taxnuke/Developer/url-shortener/src/gui/routers.js":{"path":"/Users/taxnuke/Developer/url-shortener/src/gui/routers.js","s":{"1":1,"2":1,"3":1},"b":{},"f":{},"fnMap":{},"statementMap":{"1":{"start":{"line":1,"column":0},"end":{"line":2,"column":43}},"2":{"start":{"line":4,"column":0},"end":{"line":4,"column":34}},"3":{"start":{"line":6,"column":0},"end":{"line":6,"column":24}}},"branchMap":{}},"/Users/taxnuke/Developer/url-shortener/src/gui/controllers.js":{"path":"/Users/taxnuke/Developer/url-shortener/src/gui/controllers.js","s":{"1":1,"2":1,"3":1},"b":{},"f":{},"fnMap":{},"statementMap":{"1":{"start":{"line":1,"column":0},"end":{"line":3,"column":2}},"2":{"start":{"line":2,"column":4},"end":{"line":2,"column":24}},"3":{"start":{"line":5,"column":0},"end":{"line":5,"column":24}}},"branchMap":{}}}