TN:
SF:/Users/taxnuke/Developer/url-shortener/src/app.js
FNF:0
FNH:0
DA:2,1
DA:13,1
DA:16,1
DA:17,1
DA:19,1
DA:21,1
DA:24,1
DA:27,1
DA:28,1
DA:33,1
DA:34,1
DA:35,1
DA:37,1
DA:39,1
DA:42,0
DA:44,0
DA:45,0
DA:49,0
DA:66,0
DA:67,0
DA:69,0
DA:74,1
DA:75,19
DA:80,19
DA:84,1
DA:87,1
DA:88,1
DA:91,1
DA:92,19
DA:94,19
DA:98,1
DA:101,1
DA:102,1
DA:104,1
DA:105,2
DA:106,2
DA:110,1
DA:111,1
DA:112,1
DA:114,1
DA:118,1
DA:121,1
DA:122,1
DA:124,1
DA:126,1
DA:127,0
DA:131,0
DA:134,0
DA:136,0
DA:141,1
DA:142,1
DA:146,1
DA:149,1
DA:150,0
DA:153,1
DA:155,1
LF:56
LH:44
BRDA:17,1,0,1
BRDA:17,1,1,0
BRDA:33,2,0,1
BRDA:33,2,1,0
BRDA:66,3,0,0
BRDA:66,3,1,0
BRDA:92,4,0,19
BRDA:92,4,1,19
BRDA:122,5,0,0
BRDA:122,5,1,1
BRDA:124,6,0,1
BRDA:124,6,1,0
BRDA:126,7,0,0
BRDA:126,7,1,1
BRDA:127,8,0,0
BRDA:127,8,1,0
BRDA:127,8,2,0
BRDA:149,9,0,0
BRDA:149,9,1,1
BRF:19
BRH:8
end_of_record
TN:
SF:/Users/taxnuke/Developer/url-shortener/src/helpers/chatops.js
FN:18,(anonymous_1)
FNF:1
FNH:0
FNDA:0,(anonymous_1)
DA:1,1
DA:5,1
DA:7,1
DA:8,1
DA:10,1
DA:18,1
DA:19,0
DA:30,0
DA:31,0
DA:36,1
LF:10
LH:7
BRDA:30,1,0,0
BRDA:30,1,1,0
BRF:2
BRH:0
end_of_record
TN:
SF:/Users/taxnuke/Developer/url-shortener/src/api/routers.js
FNF:0
FNH:0
DA:1,1
DA:6,1
DA:7,1
DA:9,1
DA:10,1
DA:11,1
DA:14,1
DA:15,11
DA:16,1
DA:17,1
DA:20,11
DA:24,1
DA:25,3
DA:30,3
DA:34,1
DA:35,11
DA:44,11
DA:47,1
LF:18
LH:18
BRDA:15,1,0,1
BRDA:15,1,1,10
BRDA:15,2,0,11
BRDA:15,2,1,1
BRDA:15,2,2,1
BRDA:44,3,0,11
BRDA:44,3,1,0
BRF:7
BRH:6
end_of_record
TN:
SF:/Users/taxnuke/Developer/url-shortener/src/api/controllers.js
FN:4,(anonymous_1)
FN:26,(anonymous_2)
FN:53,(anonymous_3)
FNF:3
FNH:3
FNDA:2,(anonymous_1)
FNDA:2,(anonymous_2)
FNDA:10,(anonymous_3)
DA:1,1
DA:4,1
DA:5,2
DA:7,2
DA:8,1
DA:9,1
DA:11,1
DA:13,1
DA:15,1
DA:19,0
DA:26,1
DA:27,2
DA:29,2
DA:30,1
DA:31,1
DA:33,1
DA:35,1
DA:36,1
DA:37,1
DA:39,1
DA:40,1
DA:42,1
DA:46,0
DA:53,1
DA:54,10
DA:59,20
DA:62,2
DA:67,2
DA:70,8
DA:71,1
DA:72,1
DA:73,7
DA:74,7
DA:75,7
DA:76,7
DA:79,8
DA:83,1
LF:37
LH:35
BRDA:7,1,0,1
BRDA:7,1,1,1
BRDA:29,2,0,1
BRDA:29,2,1,1
BRDA:70,3,0,1
BRDA:70,3,1,7
BRDA:73,4,0,7
BRDA:73,4,1,0
BRF:8
BRH:7
end_of_record
TN:
SF:/Users/taxnuke/Developer/url-shortener/src/mongo/models/alias.js
FN:58,(anonymous_1)
FN:71,(anonymous_2)
FNF:2
FNH:2
FNDA:1,(anonymous_1)
FNDA:4,(anonymous_2)
DA:1,1
DA:7,1
DA:17,10
DA:30,7
DA:35,6
DA:58,1
DA:59,1
DA:71,1
DA:72,4
DA:73,3
DA:74,3
DA:78,4
DA:81,1
DA:83,1
LF:14
LH:14
BRDA:72,1,0,3
BRDA:72,1,1,1
BRDA:73,2,0,3
BRDA:73,2,1,0
BRF:4
BRH:3
end_of_record
TN:
SF:/Users/taxnuke/Developer/url-shortener/src/gui/routers.js
FNF:0
FNH:0
DA:1,1
DA:4,1
DA:6,1
LF:3
LH:3
BRF:0
BRH:0
end_of_record
TN:
SF:/Users/taxnuke/Developer/url-shortener/src/gui/controllers.js
FNF:0
FNH:0
DA:1,1
DA:2,1
DA:5,1
LF:3
LH:3
BRF:0
BRH:0
end_of_record
